1606303586194	mozrunner::runner	INFO	Running command: "/usr/bin/firefox" "-marionette" "-foreground" "-no-remote" "-profile" "/tmp/rust_mozprofileG8ZnLS"
console.error: Enterprise Policies: 
  Error parsing JSON file
console.warn: SearchSettings: "get: No settings file exists, new profile?" (new Error("", "(unknown module)"))
1606303594073	Marionette	INFO	Listening on port 42497
1606303594358	Marionette	WARN	TLS certificate errors will be ignored for this session
JavaScript error: https://www.amazon.in/dp/B085J1RXK3?pf_rd_r=HP01301D0J0Y6BQES7ZW&pf_rd_p=e12633a1-3ec7-4661-8a21-f65730105aea, line 84: NS_ERROR_UNEXPECTED: 
1606303612485	Marionette	INFO	Stopped listening on port 42497
1606303748267	mozrunner::runner	INFO	Running command: "/usr/bin/firefox" "-marionette" "-foreground" "-no-remote" "-profile" "/tmp/rust_mozprofilekvEM2w"
console.error: Enterprise Policies: 
  Error parsing JSON file
console.warn: SearchSettings: "get: No settings file exists, new profile?" (new Error("", "(unknown module)"))
1606303751501	Marionette	INFO	Listening on port 40481
1606303751614	Marionette	WARN	TLS certificate errors will be ignored for this session
1606303771528	Marionette	INFO	Stopped listening on port 40481
1606303981365	mozrunner::runner	INFO	Running command: "/usr/bin/firefox" "-marionette" "-foreground" "-no-remote" "-profile" "/tmp/rust_mozprofilemc1qQU"
console.error: Enterprise Policies: 
  Error parsing JSON file
console.warn: SearchSettings: "get: No settings file exists, new profile?" (new Error("", "(unknown module)"))
1606303984904	Marionette	INFO	Listening on port 37583
1606303985035	Marionette	WARN	TLS certificate errors will be ignored for this session
JavaScript error: resource://gre/modules/URIFixup.jsm, line 271: NS_ERROR_FAILURE: Should pass a non-null uri
1606303996356	Marionette	INFO	Stopped listening on port 37583
1606304049343	mozrunner::runner	INFO	Running command: "/usr/bin/firefox" "-marionette" "-foreground" "-no-remote" "-profile" "/tmp/rust_mozprofileqOvVQe"
console.error: Enterprise Policies: 
  Error parsing JSON file
console.warn: SearchSettings: "get: No settings file exists, new profile?" (new Error("", "(unknown module)"))
1606304052571	Marionette	INFO	Listening on port 46735
1606304052726	Marionette	WARN	TLS certificate errors will be ignored for this session
1606304068234	Marionette	INFO	Stopped listening on port 46735
1606304100000	mozrunner::runner	INFO	Running command: "/usr/bin/firefox" "-marionette" "-foreground" "-no-remote" "-profile" "/tmp/rust_mozprofileTj4VAA"
console.error: Enterprise Policies: 
  Error parsing JSON file
console.warn: SearchSettings: "get: No settings file exists, new profile?" (new Error("", "(unknown module)"))
1606304103575	Marionette	INFO	Listening on port 35467
1606304103646	Marionette	WARN	TLS certificate errors will be ignored for this session
JavaScript error: resource://gre/modules/UrlClassifierListManager.jsm, line 691: TypeError: this.tablesData[table] is undefined

###!!! [Child][RunMessage] Error: Channel closing: too late to send/recv, messages will be lost

console.error: (new Error("Connection closed before committing the transaction.", "resource://gre/modules/Sqlite.jsm", 688))
1606304108551	Marionette	INFO	Stopped listening on port 35467
JavaScript error: resource://gre/modules/UrlClassifierListManager.jsm, line 446: NS_ERROR_NOT_INITIALIZED: Component returned failure code: 0xc1f30001 (NS_ERROR_NOT_INITIALIZED) [nsIUrlClassifierDBService.getTables]
1606304124407	mozrunner::runner	INFO	Running command: "/usr/bin/firefox" "-marionette" "-foreground" "-no-remote" "-profile" "/tmp/rust_mozprofileqc9fue"
console.error: Enterprise Policies: 
  Error parsing JSON file
console.warn: SearchSettings: "get: No settings file exists, new profile?" (new Error("", "(unknown module)"))
1606304127939	Marionette	INFO	Listening on port 46649
1606304128066	Marionette	WARN	TLS certificate errors will be ignored for this session
1606304142355	Marionette	INFO	Stopped listening on port 46649
1606304197494	mozrunner::runner	INFO	Running command: "/usr/bin/firefox" "-marionette" "-foreground" "-no-remote" "-profile" "/tmp/rust_mozprofileWl9dXW"
console.error: Enterprise Policies: 
  Error parsing JSON file
console.warn: SearchSettings: "get: No settings file exists, new profile?" (new Error("", "(unknown module)"))
1606304200810	Marionette	INFO	Listening on port 39811
1606304200939	Marionette	WARN	TLS certificate errors will be ignored for this session
JavaScript error: , line 0: uncaught exception: Failed initializing gapi.
Gapi error: CustomError: Jsloader error (code #1): Timeout reached for loading script https://apis.google.com/js/client.js
1606304219956	Marionette	INFO	Stopped listening on port 39811
1606304242850	mozrunner::runner	INFO	Running command: "/usr/bin/firefox" "-marionette" "-foreground" "-no-remote" "-profile" "/tmp/rust_mozprofileXGE5Xc"
console.error: Enterprise Policies: 
  Error parsing JSON file
console.warn: SearchSettings: "get: No settings file exists, new profile?" (new Error("", "(unknown module)"))
1606304246384	Marionette	INFO	Listening on port 37837
1606304246492	Marionette	WARN	TLS certificate errors will be ignored for this session
1606304276564	Marionette	INFO	Stopped listening on port 37837
1606304374313	mozrunner::runner	INFO	Running command: "/usr/bin/firefox" "-marionette" "-foreground" "-no-remote" "-profile" "/tmp/rust_mozprofileHaGvcp"
console.error: Enterprise Policies: 
  Error parsing JSON file
console.warn: SearchSettings: "get: No settings file exists, new profile?" (new Error("", "(unknown module)"))
1606304377874	Marionette	INFO	Listening on port 45853
1606304377958	Marionette	WARN	TLS certificate errors will be ignored for this session
JavaScript error: resource://gre/modules/URIFixup.jsm, line 271: NS_ERROR_FAILURE: Should pass a non-null uri
JavaScript error: https://www.gstatic.com/feedback/js/help/prod/service/lazy.min.js, line 58: NS_ERROR_NOT_INITIALIZED: 
1606304389728	Marionette	INFO	Stopped listening on port 45853
1606304397684	mozrunner::runner	INFO	Running command: "/usr/bin/firefox" "-marionette" "-foreground" "-no-remote" "-profile" "/tmp/rust_mozprofiledamXgX"
console.error: Enterprise Policies: 
  Error parsing JSON file
console.warn: SearchSettings: "get: No settings file exists, new profile?" (new Error("", "(unknown module)"))
1606304401165	Marionette	INFO	Listening on port 37627
1606304401226	Marionette	WARN	TLS certificate errors will be ignored for this session
JavaScript error: https://www.gstatic.com/feedback/js/help/prod/service/lazy.min.js, line 58: NS_ERROR_NOT_INITIALIZED: 
console.error: services.settings: 
  main/cfr-fxa Signature failed  TypeError: NetworkError when attempting to fetch resource.
1606304410895	Marionette	INFO	Stopped listening on port 37627
1606304432097	mozrunner::runner	INFO	Running command: "/usr/bin/firefox" "-marionette" "-foreground" "-no-remote" "-profile" "/tmp/rust_mozprofilesqJpUC"
console.error: Enterprise Policies: 
  Error parsing JSON file
console.warn: SearchSettings: "get: No settings file exists, new profile?" (new Error("", "(unknown module)"))
1606304436229	Marionette	INFO	Listening on port 33291
1606304436371	Marionette	WARN	TLS certificate errors will be ignored for this session
JavaScript error: https://www.gstatic.com/feedback/js/help/prod/service/lazy.min.js, line 58: NS_ERROR_NOT_INITIALIZED: 
1606304445769	Marionette	INFO	Stopped listening on port 33291
1606304467401	mozrunner::runner	INFO	Running command: "/usr/bin/firefox" "-marionette" "-foreground" "-no-remote" "-profile" "/tmp/rust_mozprofileiysIp8"
console.error: Enterprise Policies: 
  Error parsing JSON file
console.warn: SearchSettings: "get: No settings file exists, new profile?" (new Error("", "(unknown module)"))
1606304470944	Marionette	INFO	Listening on port 44389
1606304471081	Marionette	WARN	TLS certificate errors will be ignored for this session
1606304478013	Marionette	INFO	Stopped listening on port 44389
1606304503612	mozrunner::runner	INFO	Running command: "/usr/bin/firefox" "-marionette" "-foreground" "-no-remote" "-profile" "/tmp/rust_mozprofile4USmim"
console.error: Enterprise Policies: 
  Error parsing JSON file
console.warn: SearchSettings: "get: No settings file exists, new profile?" (new Error("", "(unknown module)"))
1606304507069	Marionette	INFO	Listening on port 41637
1606304507154	Marionette	WARN	TLS certificate errors will be ignored for this session
JavaScript error: https://www.gstatic.com/feedback/js/help/prod/service/lazy.min.js, line 58: NS_ERROR_NOT_INITIALIZED: 
1606304516582	Marionette	INFO	Stopped listening on port 41637
1606304544059	mozrunner::runner	INFO	Running command: "/usr/bin/firefox" "-marionette" "-foreground" "-no-remote" "-profile" "/tmp/rust_mozprofileFhIXOx"
console.error: Enterprise Policies: 
  Error parsing JSON file
console.warn: SearchSettings: "get: No settings file exists, new profile?" (new Error("", "(unknown module)"))
1606304547217	Marionette	INFO	Listening on port 40377
1606304547304	Marionette	WARN	TLS certificate errors will be ignored for this session

###!!! [Child][RunMessage] Error: Channel closing: too late to send/recv, messages will be lost


###!!! [Child][RunMessage] Error: Channel closing: too late to send/recv, messages will be lost


###!!! [Child][RunMessage] Error: Channel closing: too late to send/recv, messages will be lost


###!!! [Child][RunMessage] Error: Channel closing: too late to send/recv, messages will be lost


###!!! [Child][RunMessage] Error: Channel closing: too late to send/recv, messages will be lost


###!!! [Child][RunMessage] Error: Channel closing: too late to send/recv, messages will be lost


###!!! [Child][RunMessage] Error: Channel closing: too late to send/recv, messages will be lost


###!!! [Child][RunMessage] Error: Channel closing: too late to send/recv, messages will be lost


###!!! [Child][RunMessage] Error: Channel closing: too late to send/recv, messages will be lost


###!!! [Child][RunMessage] Error: Channel closing: too late to send/recv, messages will be lost


###!!! [Child][RunMessage] Error: Channel closing: too late to send/recv, messages will be lost


###!!! [Child][RunMessage] Error: Channel closing: too late to send/recv, messages will be lost


###!!! [Child][RunMessage] Error: Channel closing: too late to send/recv, messages will be lost

1606304552779	Marionette	INFO	Stopped listening on port 40377
1606304559497	mozrunner::runner	INFO	Running command: "/usr/bin/firefox" "-marionette" "-foreground" "-no-remote" "-profile" "/tmp/rust_mozprofilerg6Qd4"
console.error: Enterprise Policies: 
  Error parsing JSON file
console.warn: SearchSettings: "get: No settings file exists, new profile?" (new Error("", "(unknown module)"))
1606304563284	Marionette	INFO	Listening on port 34813
1606304563351	Marionette	WARN	TLS certificate errors will be ignored for this session
JavaScript error: resource://gre/modules/UrlClassifierListManager.jsm, line 691: TypeError: this.tablesData[table] is undefined
1606304568030	Marionette	INFO	Stopped listening on port 34813
JavaScript error: resource://gre/modules/UrlClassifierListManager.jsm, line 446: NS_ERROR_NOT_INITIALIZED: Component returned failure code: 0xc1f30001 (NS_ERROR_NOT_INITIALIZED) [nsIUrlClassifierDBService.getTables]
1606304701167	mozrunner::runner	INFO	Running command: "/usr/bin/firefox" "-marionette" "-foreground" "-no-remote" "-profile" "/tmp/rust_mozprofileOn379B"
console.error: Enterprise Policies: 
  Error parsing JSON file
console.warn: SearchSettings: "get: No settings file exists, new profile?" (new Error("", "(unknown module)"))
1606304704391	Marionette	INFO	Listening on port 46701
1606304704527	Marionette	WARN	TLS certificate errors will be ignored for this session
1606304723250	Marionette	INFO	Stopped listening on port 46701
1606304728790	mozrunner::runner	INFO	Running command: "/usr/bin/firefox" "-marionette" "-foreground" "-no-remote" "-profile" "/tmp/rust_mozprofile3NcQw2"
console.error: Enterprise Policies: 
  Error parsing JSON file
console.warn: SearchSettings: "get: No settings file exists, new profile?" (new Error("", "(unknown module)"))
1606304732144	Marionette	INFO	Listening on port 42949
1606304732251	Marionette	WARN	TLS certificate errors will be ignored for this session
1606304755770	Marionette	INFO	Stopped listening on port 42949
1606304900967	mozrunner::runner	INFO	Running command: "/usr/bin/firefox" "-marionette" "-foreground" "-no-remote" "-profile" "/tmp/rust_mozprofilek0i10s"
console.error: Enterprise Policies: 
  Error parsing JSON file
console.warn: SearchSettings: "get: No settings file exists, new profile?" (new Error("", "(unknown module)"))
1606304904684	Marionette	INFO	Listening on port 33475
1606304904849	Marionette	WARN	TLS certificate errors will be ignored for this session
console.warn: LoginRecipes: "getRecipes: falling back to a synchronous message for:" "https://apps.google.com"
JavaScript error: resource://devtools/client/inspector/rules/utils/utils.js, line 186: TypeError: rule is undefined
JavaScript error: resource://devtools/client/inspector/rules/utils/utils.js, line 186: TypeError: rule is undefined
JavaScript error: resource://devtools/client/inspector/rules/utils/utils.js, line 186: TypeError: rule is undefined
JavaScript error: resource://devtools/client/inspector/rules/utils/utils.js, line 186: TypeError: rule is undefined
console.warn: LoginRecipes: "getRecipes: falling back to a synchronous message for:" "https://apps.google.com"
console.warn: LoginRecipes: "getRecipes: falling back to a synchronous message for:" "https://apps.google.com"
1606305078802	mozrunner::runner	INFO	Running command: "/usr/bin/firefox" "-marionette" "-foreground" "-no-remote" "-profile" "/tmp/rust_mozprofileMH2xZN"
console.error: Enterprise Policies: 
  Error parsing JSON file
console.warn: SearchSettings: "get: No settings file exists, new profile?" (new Error("", "(unknown module)"))
1606305084053	Marionette	INFO	Listening on port 33195
1606305084157	Marionette	WARN	TLS certificate errors will be ignored for this session
1606305118561	Marionette	INFO	Stopped listening on port 33195
console.error: (new TypeError("currentNode is null", "resource://devtools/client/inspector/shared/style-change-tracker.js", 66))
TypeError: currentNode is null: canMutationImpactCurrentStyles@resource://devtools/client/inspector/shared/style-change-tracker.js:66:20
onMutations@resource://devtools/client/inspector/shared/style-change-tracker.js:84:41
_emit@resource://devtools/shared/event-emitter.js:226:34
emit@resource://devtools/shared/event-emitter.js:172:18
emit@resource://devtools/shared/event-emitter.js:324:18
getMutations@resource://devtools/client/fronts/walker.js:405:10

console.error: "Error writing request: getGrids"
console.error: "Error writing request: getGrids"
console.error: "Error while calling actor 'layout's method 'getGrids'" "node is null"
console.error: "getGrids@resource://devtools/server/actors/layout.js:502:26\ngetGrids@resource://devtools/server/actors/layout.js:507:43\nhandler@resource://devtools/shared/protocol/Actor.js:172:37\nonPacket@resource://devtools/server/devtools-server-connection.js:379:58\nreceiveMessage@resource://devtools/shared/transport/child-transport.js:66:16\n"
JavaScript error: https://meet.google.com/_/scs/mss-static/_/js/k=boq-rtc.MeetingsUi.en_US.Rr0tsK4YQ5s.es5.O/am=ARA4AkCgKwLI7QYSAQYoHuEKCQAAgAKAIAGMAgAAAABA2yDMg_8DSQAAEI0EAgBvAAACQRA/d=1/excm=_b,_tp,calldesktoppageview/ed=1/dg=0/wt=2/ct=zgms/rs=AL5CKSEM9s8wQH6CMHEP7ojd6PEPFSEdjQ/m=_b,_tp, line 625: uncaught exception: Object
JavaScript error: , line 0: uncaught exception: Object
JavaScript error: , line 0: uncaught exception: Object
JavaScript error: , line 0: uncaught exception: Object
JavaScript error: , line 0: uncaught exception: Object
JavaScript error: , line 0: uncaught exception: Object
JavaScript error: , line 0: uncaught exception: Object
console.error: "Tried to send a 'newSource' event on an already destroyed actor 'thread'"
JavaScript error: resource://devtools/server/actors/inspector/walker.js, line 481: TypeError: this._nodeActorsMap is null
JavaScript error: , line 0: uncaught exception: Object
JavaScript error: , line 0: uncaught exception: Object
JavaScript error: , line 0: uncaught exception: Object
JavaScript error: , line 0: uncaught exception: Object
JavaScript error: , line 0: uncaught exception: Object
JavaScript error: , line 0: uncaught exception: Object
JavaScript error: , line 0: uncaught exception: Object
JavaScript error: https://meet.google.com/_/scs/mss-static/_/js/k=boq-rtc.MeetingsUi.en_US.Rr0tsK4YQ5s.es5.O/am=ARA4AkCgKwLI7QYSAQYoHuEKCQAAgAKAIAGMAgAAAABA2yDMg_8DSQAAEI0EAgBPIAACQRA/d=1/excm=_b,_tp,calldesktoppageview/ed=1/dg=0/wt=2/ct=zgms/rs=AL5CKSH4wejQ7sEPiwmw8opYR7LrXQ_c5w/m=_b,_tp, line 625: uncaught exception: Object
JavaScript error: , line 0: uncaught exception: Object
JavaScript error: , line 0: uncaught exception: Object
JavaScript error: , line 0: uncaught exception: Object
JavaScript error: , line 0: uncaught exception: Object
JavaScript error: , line 0: uncaught exception: Object
JavaScript error: , line 0: uncaught exception: Object
JavaScript error: , line 0: uncaught exception: Object
JavaScript error: , line 0: uncaught exception: Object
JavaScript warning: https://meet.google.com/_/scs/mss-static/_/js/k=boq-rtc.MeetingsUi.en_US.Rr0tsK4YQ5s.es5.O/am=ARA4AkCgKwLI7QYSAQYoHuEKCQAAgAKAIAGMAgAAAABA2yDMg_8DSQAAEI0EAgBvAAACQRA/d=1/excm=_b,_tp,calldesktoppageview/ed=1/dg=0/wt=2/ct=zgms/rs=AL5CKSEM9s8wQH6CMHEP7ojd6PEPFSEdjQ/m=_b,_tp, line 545: Script terminated by timeout at:
Bma@https://meet.google.com/_/scs/mss-static/_/js/k=boq-rtc.MeetingsUi.en_US.Rr0tsK4YQ5s.es5.O/am=ARA4AkCgKwLI7QYSAQYoHuEKCQAAgAKAIAGMAgAAAABA2yDMg_8DSQAAEI0EAgBvAAACQRA/d=1/excm=_b,_tp,calldesktoppageview/ed=1/dg=0/wt=2/ct=zgms/rs=AL5CKSEM9s8wQH6CMHEP7ojd6PEPFSEdjQ/m=_b,_tp:545:261
xla@https://meet.google.com/_/scs/mss-static/_/js/k=boq-rtc.MeetingsUi.en_US.Rr0tsK4YQ5s.es5.O/am=ARA4AkCgKwLI7QYSAQYoHuEKCQAAgAKAIAGMAgAAAABA2yDMg_8DSQAAEI0EAgBvAAACQRA/d=1/excm=_b,_tp,calldesktoppageview/ed=1/dg=0/wt=2/ct=zgms/rs=AL5CKSEM9s8wQH6CMHEP7ojd6PEPFSEdjQ/m=_b,_tp:545:54
vla@https://meet.google.com/_/scs/mss-static/_/js/k=boq-rtc.MeetingsUi.en_US.Rr0tsK4YQ5s.es5.O/am=ARA4AkCgKwLI7QYSAQYoHuEKCQAAgAKAIAGMAgAAAABA2yDMg_8DSQAAEI0EAgBvAAACQRA/d=1/excm=_b,_tp,calldesktoppageview/ed=1/dg=0/wt=2/ct=zgms/rs=AL5CKSEM9s8wQH6CMHEP7ojd6PEPFSEdjQ/m=_b,_tp:507:237
ula.prototype.Aa@https://meet.google.com/_/scs/mss-static/_/js/k=boq-rtc.MeetingsUi.en_US.Rr0tsK4YQ5s.es5.O/am=ARA4AkCgKwLI7QYSAQYoHuEKCQAAgAKAIAGMAgAAAABA2yDMg_8DSQAAEI0EAgBvAAACQRA/d=1/excm=_b,_tp,calldesktoppageview/ed=1/dg=0/wt=2/ct=zgms/rs=AL5CKSEM9s8wQH6CMHEP7ojd6PEPFSEdjQ/m=_b,_tp:506:94
ula.prototype.init/<@https://meet.google.com/_/scs/mss-static/_/js/k=boq-rtc.MeetingsUi.en_US.Rr0tsK4YQ5s.es5.O/am=ARA4AkCgKwLI7QYSAQYoHuEKCQAAgAKAIAGMAgAAAABA2yDMg_8DSQAAEI0EAgBvAAACQRA/d=1/excm=_b,_tp,calldesktoppageview/ed=1/dg=0/wt=2/ct=zgms/rs=AL5CKSEM9s8wQH6CMHEP7ojd6PEPFSEdjQ/m=_b,_tp:506:296
@https://meet.google.com/_/scs/mss-static/_/js/k=boq-rtc.MeetingsUi.en_US.Rr0tsK4YQ5s.es5.O/ck=boq-rtc.MeetingsUi.wgozB2l2EK0.L.F4.O/am=ARA4AkCgKwLI7QYSAQYoHuEKCQAAgAKAIAGMAgAAAABA2yDMg_8DSQAAEI0EAgBvAAACQRA/d=1/exm=LEikZe,_b,_tp,byfTOb,lsjVmc/excm=_b,_tp,calldesktoppageview/ed=1/wt=2/ct=zgms/rs=AL5CKSET97s0gy4WTFtsIyNuEZeE2Of4UQ/m=n73qwf,ws9Tlc,IZT63,e5qFLc,GkRiKb,UUJqVe,xUdipf,blwjVc,fKUV3e,aurFic,COQbmf,U0aPgd,ZwDk9d,V3dDOb,XU5LFb,hl,rrm,c6KVyc,jKHFJb,mI3LFb,WO9ee,FMq9Lb,Cw0Hjd,T6U9J,lHoXXe,SFhYHb,DCwKHe,Rsjrje,kXiGjb,AePfdf,RqS4qe,rsr,t8N1l,ehbmDc,Bmvled,zmuYmd,mibVie,syIdOe,k2r0oe,nUMwj,OoSMve,KdcBrc,O6y8ed,NpD4ec,PrPYRd,O4tzsb,iWP1Yb,MpJwZc,NwH0H,OmgaI,HLo3Ef,x60fie,xiqEse,MsyKad,lazG7b,JECyjf,ma,azqyEc,W4cEdc,tQz2Ve,XVMNvd,L1AAkb,KUM7Z,rE6Mgd,Fl2dbf,fFdwef,GcAaod,rn9YO,Y0bgVb,s39S4,lwddkf,gychg,w9hDv,RMhBfe,tgTcU,mdR7q,lAg79c,TH1Apc,Ryzncf,SdcwHb,aW3pY,YLQSd,PQaYAf,obLw,DM8swd,pw70Gc,EFQ78c,Ulmmrd,ZfAoz,Ivl8bd,MI6k7c,kjKdXe,kmkrAf,PGW6ue,CBlRxf,MdUzUe,N5Lqpc,fgj8Rb,I6YDgd,xQtZb,lPKSwe,y4Nztd,QIhFr,JNoxi,texUgd,hKSk3e,xGC4Gb,pB6Zqd,FYCkde,llTWPd,rHjpXd,yDVVkb,SF3gsd,FSOnAf,cilABe,jdrlZe,qexExd,DNsE7e,swpmp,gVaDd,QBFzrf,sszRX,CvtcN,tlbU5,QQnX0,zXsoW,sPwFo,iTsyac,hc6Ubd,fHcPI,rNa50e,dWHZee,vWBbe,Tnlgmf,Z7OaKe,NNJERe,KG2eXe,SpsfSb,cWjcJb,tfTN8c,o02Jie,Hn5sxd,LgZW9b,ABMzYd,VwDzFe,zbML3c,dlck6b,HDvRde,Uas9Hd,BVgquf,a9EW5e,A7fCU,wukrjf,UgAtXe,pGAJif,pjICDe:1:27

console.warn: LoginRecipes: "getRecipes: falling back to a synchronous message for:" "https://apps.google.com"
console.warn: LoginRecipes: "getRecipes: falling back to a synchronous message for:" "https://apps.google.com"
1606305482514	mozrunner::runner	INFO	Running command: "/usr/bin/firefox" "-marionette" "-foreground" "-no-remote" "-profile" "/tmp/rust_mozprofilee6fLNs"
console.error: Enterprise Policies: 
  Error parsing JSON file
console.warn: SearchSettings: "get: No settings file exists, new profile?" (new Error("", "(unknown module)"))
1606305488450	Marionette	INFO	Listening on port 45691
1606305488605	Marionette	WARN	TLS certificate errors will be ignored for this session
console.warn: services.settings: main/partitioning-exempt-urls sync interrupted by shutdown
console.warn: services.settings: main/message-groups sync interrupted by shutdown
console.warn: SearchService: "_init: abandoning init due to shutting down"
JavaScript error: , line 0: uncaught exception: 2147500036
JavaScript error: , line 0: uncaught exception: 2147500036
JavaScript error: , line 0: uncaught exception: 2147500036
JavaScript error: , line 0: uncaught exception: 2147500036
JavaScript error: , line 0: uncaught exception: 2147500036
JavaScript error: , line 0: uncaught exception: 2147500036
JavaScript error: , line 0: uncaught exception: 2147500036
JavaScript error: , line 0: uncaught exception: 2147500036
console.warn: services.settings: main/cfr-fxa sync interrupted by shutdown
console.warn: services.settings: main/cfr sync interrupted by shutdown
console.warn: services.settings: main/message-groups sync interrupted by shutdown
1606305494471	Marionette	INFO	Stopped listening on port 45691
JavaScript error: resource://gre/modules/UrlClassifierListManager.jsm, line 446: NS_ERROR_NOT_INITIALIZED: Component returned failure code: 0xc1f30001 (NS_ERROR_NOT_INITIALIZED) [nsIUrlClassifierDBService.getTables]
1606305505059	mozrunner::runner	INFO	Running command: "/usr/bin/firefox" "-marionette" "-foreground" "-no-remote" "-profile" "/tmp/rust_mozprofileboJyXL"
console.error: Enterprise Policies: 
  Error parsing JSON file
console.warn: SearchSettings: "get: No settings file exists, new profile?" (new Error("", "(unknown module)"))
1606305516853	Marionette	INFO	Listening on port 45993
1606305518805	Marionette	WARN	TLS certificate errors will be ignored for this session
console.warn: services.settings: main/message-groups sync interrupted by shutdown
console.warn: services.settings: main/cfr-fxa sync interrupted by shutdown
console.warn: services.settings: main/cfr sync interrupted by shutdown
console.warn: services.settings: main/message-groups sync interrupted by shutdown
console.warn: SearchService: "_init: abandoning init due to shutting down"
JavaScript error: , line 0: uncaught exception: 2147500036
JavaScript error: , line 0: uncaught exception: 2147500036
JavaScript error: , line 0: uncaught exception: 2147500036
JavaScript error: , line 0: uncaught exception: 2147500036
JavaScript error: , line 0: uncaught exception: 2147500036
JavaScript error: , line 0: uncaught exception: 2147500036
1606305520228	Marionette	INFO	Stopped listening on port 45993
JavaScript error: resource://gre/modules/UrlClassifierListManager.jsm, line 446: NS_ERROR_NOT_INITIALIZED: Component returned failure code: 0xc1f30001 (NS_ERROR_NOT_INITIALIZED) [nsIUrlClassifierDBService.getTables]
JavaScript error: resource://gre/modules/osfile/osfile_async_front.jsm, line 426: Error: OS.File has been shut down. Rejecting post to stat
1606305542425	mozrunner::runner	INFO	Running command: "/usr/bin/firefox" "-marionette" "-foreground" "-no-remote" "-profile" "/tmp/rust_mozprofilemrQmRJ"
console.error: Enterprise Policies: 
  Error parsing JSON file
console.warn: SearchSettings: "get: No settings file exists, new profile?" (new Error("", "(unknown module)"))
1606305549308	Marionette	INFO	Listening on port 36553
1606305549382	Marionette	WARN	TLS certificate errors will be ignored for this session
ExceptionHandler::GenerateDump cloned child 26755ExceptionHandler::WaitForContinueSignal waiting for continue signal...

ExceptionHandler::SendContinueSignalToChild sent continue signal to child
JavaScript error: resource://gre/actors/AutoCompleteChild.jsm, line 235: Error: Invalid autocomplete selectedIndex
console.warn: LoginRecipes: "getRecipes: falling back to a synchronous message for:" "https://accounts.google.com"
IPDL protocol error: Handler returned error code!

###!!! [Parent][DispatchAsyncMessage] Error: PLayerTransaction::Msg_ReleaseLayer Processing error: message was deserialized, but the handler returned false (indicating failure)

IPDL protocol error: Handler returned error code!

###!!! [Parent][DispatchAsyncMessage] Error: PLayerTransaction::Msg_ReleaseLayer Processing error: message was deserialized, but the handler returned false (indicating failure)

IPDL protocol error: Handler returned error code!

###!!! [Parent][DispatchAsyncMessage] Error: PLayerTransaction::Msg_ReleaseLayer Processing error: message was deserialized, but the handler returned false (indicating failure)

IPDL protocol error: Handler returned error code!

###!!! [Parent][DispatchAsyncMessage] Error: PLayerTransaction::Msg_ReleaseLayer Processing error: message was deserialized, but the handler returned false (indicating failure)

IPDL protocol error: Handler returned error code!

###!!! [Parent][DispatchAsyncMessage] Error: PLayerTransaction::Msg_ReleaseLayer Processing error: message was deserialized, but the handler returned false (indicating failure)

IPDL protocol error: Handler returned error code!

###!!! [Parent][DispatchAsyncMessage] Error: PLayerTransaction::Msg_ReleaseLayer Processing error: message was deserialized, but the handler returned false (indicating failure)

IPDL protocol error: Handler returned error code!

###!!! [Parent][DispatchAsyncMessage] Error: PLayerTransaction::Msg_ReleaseLayer Processing error: message was deserialized, but the handler returned false (indicating failure)

IPDL protocol error: Handler returned error code!

###!!! [Parent][DispatchAsyncMessage] Error: PLayerTransaction::Msg_ReleaseLayer Processing error: message was deserialized, but the handler returned false (indicating failure)

IPDL protocol error: Handler returned error code!

###!!! [Parent][DispatchAsyncMessage] Error: PLayerTransaction::Msg_ReleaseLayer Processing error: message was deserialized, but the handler returned false (indicating failure)

IPDL protocol error: Handler returned error code!

###!!! [Parent][DispatchAsyncMessage] Error: PLayerTransaction::Msg_ReleaseLayer Processing error: message was deserialized, but the handler returned false (indicating failure)

IPDL protocol error: Handler returned error code!

###!!! [Parent][DispatchAsyncMessage] Error: PLayerTransaction::Msg_ReleaseLayer Processing error: message was deserialized, but the handler returned false (indicating failure)

IPDL protocol error: Handler returned error code!

###!!! [Parent][DispatchAsyncMessage] Error: PLayerTransaction::Msg_ReleaseLayer Processing error: message was deserialized, but the handler returned false (indicating failure)

IPDL protocol error: Handler returned error code!

###!!! [Parent][DispatchAsyncMessage] Error: PLayerTransaction::Msg_ReleaseLayer Processing error: message was deserialized, but the handler returned false (indicating failure)

1606305593726	Marionette	INFO	Stopped listening on port 33475
console.warn: LoginRecipes: "getRecipes: falling back to a synchronous message for:" "https://accounts.google.com"
console.warn: LoginRecipes: "getRecipes: falling back to a synchronous message for:" "https://accounts.google.com"
1606305917045	Marionette	INFO	Stopped listening on port 36553
1606305922157	mozrunner::runner	INFO	Running command: "/usr/bin/firefox" "-marionette" "-foreground" "-no-remote" "-profile" "/tmp/rust_mozprofileVK2A2r"
console.error: Enterprise Policies: 
  Error parsing JSON file
console.warn: SearchSettings: "get: No settings file exists, new profile?" (new Error("", "(unknown module)"))
JavaScript error: resource://activity-stream/lib/ActivityStreamPrefs.jsm, line 27: NS_ERROR_ILLEGAL_VALUE: Component returned failure code: 0x80070057 (NS_ERROR_ILLEGAL_VALUE) [nsIPrefBranch.removeObserver]
console.error: Region.jsm: "Error fetching region" (new TypeError("NetworkError when attempting to fetch resource.", ""))
console.error: Region.jsm: "Failed to fetch region" (new Error("NO_RESULT", "resource://gre/modules/Region.jsm", 351))
console.error: services.settings: 
  main/fxmonitor-breaches Signature failed  TypeError: NetworkError when attempting to fetch resource.
JavaScript error: resource://activity-stream/lib/PlacesFeed.jsm, line 198: NS_ERROR_UNEXPECTED: Component returned failure code: 0x8000ffff (NS_ERROR_UNEXPECTED) [nsINavHistoryService.addObserver]
console.log: "RemoteSettingsWorker error: Error: Can't import when we've started shutting down."
console.log: "RemoteSettingsWorker error: Error: Can't import when we've started shutting down."
console.error: "Could not load engine google@search.mozilla.org: [Exception... \"AddonManager is not initialized\"  nsresult: \"0xc1f30001 (NS_ERROR_NOT_INITIALIZED)\"  location: \"JS frame :: resource://gre/modules/AddonManager.jsm :: installBuiltinAddon :: line 2550\"  data: no]"
console.error: "Could not load engine amazondotcom@search.mozilla.org: [Exception... \"AddonManager is not initialized\"  nsresult: \"0xc1f30001 (NS_ERROR_NOT_INITIALIZED)\"  location: \"JS frame :: resource://gre/modules/AddonManager.jsm :: installBuiltinAddon :: line 2550\"  data: no]"
console.error: "Could not load engine ddg@search.mozilla.org: [Exception... \"AddonManager is not initialized\"  nsresult: \"0xc1f30001 (NS_ERROR_NOT_INITIALIZED)\"  location: \"JS frame :: resource://gre/modules/AddonManager.jsm :: installBuiltinAddon :: line 2550\"  data: no]"
console.error: "Could not load engine bing@search.mozilla.org: [Exception... \"AddonManager is not initialized\"  nsresult: \"0xc1f30001 (NS_ERROR_NOT_INITIALIZED)\"  location: \"JS frame :: resource://gre/modules/AddonManager.jsm :: installBuiltinAddon :: line 2550\"  data: no]"
console.error: "Could not load engine wikipedia@search.mozilla.org: [Exception... \"AddonManager is not initialized\"  nsresult: \"0xc1f30001 (NS_ERROR_NOT_INITIALIZED)\"  location: \"JS frame :: resource://gre/modules/AddonManager.jsm :: installBuiltinAddon :: line 2550\"  data: no]"
console.warn: SearchService: "_init: abandoning init due to shutting down"
JavaScript error: , line 0: uncaught exception: 2147500036
JavaScript error: , line 0: uncaught exception: 2147500036
JavaScript error: , line 0: uncaught exception: 2147500036
JavaScript error: , line 0: uncaught exception: 2147500036
JavaScript error: , line 0: uncaught exception: 2147500036
JavaScript error: , line 0: uncaught exception: 2147500036
console.error: PushService: 
  clearOriginData: Error clearing origin data:
  UnknownError
console.error: PushService: 
  stateChangeProcessEnqueue: Error transitioning state
  UnknownError
1606305941213	mozrunner::runner	INFO	Running command: "/usr/bin/firefox" "-marionette" "-foreground" "-no-remote" "-profile" "/tmp/rust_mozprofile4O6I4E"
console.error: Enterprise Policies: 
  Error parsing JSON file
console.warn: SearchSettings: "get: No settings file exists, new profile?" (new Error("", "(unknown module)"))
1606305945389	Marionette	INFO	Listening on port 39595
1606305945506	Marionette	WARN	TLS certificate errors will be ignored for this session
JavaScript error: resource://gre/actors/AutoCompleteChild.jsm, line 235: Error: Invalid autocomplete selectedIndex
JavaScript error: , line 0: uncaught exception: Object
JavaScript error: , line 0: uncaught exception: Object
JavaScript error: , line 0: uncaught exception: Object
1606305961175	Marionette	INFO	Stopped listening on port 39595
1606306008305	mozrunner::runner	INFO	Running command: "/usr/bin/firefox" "-marionette" "-foreground" "-no-remote" "-profile" "/tmp/rust_mozprofileQQfn48"
console.error: Enterprise Policies: 
  Error parsing JSON file
console.warn: SearchSettings: "get: No settings file exists, new profile?" (new Error("", "(unknown module)"))
1606306011757	Marionette	INFO	Listening on port 38261
1606306011856	Marionette	WARN	TLS certificate errors will be ignored for this session
JavaScript error: resource://gre/actors/AutoCompleteChild.jsm, line 235: Error: Invalid autocomplete selectedIndex
1606306041420	Marionette	INFO	Stopped listening on port 38261
1606306043870	mozrunner::runner	INFO	Running command: "/usr/bin/firefox" "-marionette" "-foreground" "-no-remote" "-profile" "/tmp/rust_mozprofiletb6zX0"
console.error: Enterprise Policies: 
  Error parsing JSON file
console.warn: SearchSettings: "get: No settings file exists, new profile?" (new Error("", "(unknown module)"))
1606306047274	Marionette	INFO	Listening on port 33981
1606306047317	Marionette	WARN	TLS certificate errors will be ignored for this session
JavaScript error: resource://gre/actors/AutoCompleteChild.jsm, line 235: Error: Invalid autocomplete selectedIndex
1606306094246	Marionette	INFO	Stopped listening on port 33981
